{"D:\\Automated-Testing-Tasks\\src\\calculator.ts": {"path":"D:\\Automated-Testing-Tasks\\src\\calculator.ts","all":false,"statementMap":{"0":{"start":{"line":1,"column":0},"end":{"line":1,"column":54}},"2":{"start":{"line":3,"column":0},"end":{"line":3,"column":25}},"3":{"start":{"line":4,"column":0},"end":{"line":4,"column":36}},"4":{"start":{"line":5,"column":0},"end":{"line":5,"column":31}},"5":{"start":{"line":6,"column":0},"end":{"line":6,"column":80}},"6":{"start":{"line":7,"column":0},"end":{"line":7,"column":9}},"8":{"start":{"line":9,"column":0},"end":{"line":9,"column":38}},"9":{"start":{"line":10,"column":0},"end":{"line":10,"column":56}},"10":{"start":{"line":11,"column":0},"end":{"line":11,"column":92}},"11":{"start":{"line":12,"column":0},"end":{"line":12,"column":13}},"12":{"start":{"line":13,"column":0},"end":{"line":13,"column":11}},"14":{"start":{"line":15,"column":0},"end":{"line":15,"column":57}},"15":{"start":{"line":16,"column":0},"end":{"line":16,"column":5}},"17":{"start":{"line":18,"column":0},"end":{"line":18,"column":46}},"18":{"start":{"line":19,"column":0},"end":{"line":19,"column":50}},"19":{"start":{"line":20,"column":0},"end":{"line":20,"column":76}},"20":{"start":{"line":21,"column":0},"end":{"line":21,"column":9}},"21":{"start":{"line":22,"column":0},"end":{"line":22,"column":50}},"22":{"start":{"line":23,"column":0},"end":{"line":23,"column":77}},"23":{"start":{"line":24,"column":0},"end":{"line":24,"column":9}},"25":{"start":{"line":26,"column":0},"end":{"line":26,"column":23}},"26":{"start":{"line":27,"column":0},"end":{"line":27,"column":5}},"28":{"start":{"line":29,"column":0},"end":{"line":29,"column":41}},"29":{"start":{"line":30,"column":0},"end":{"line":30,"column":31}},"30":{"start":{"line":31,"column":0},"end":{"line":31,"column":78}},"31":{"start":{"line":32,"column":0},"end":{"line":32,"column":9}},"33":{"start":{"line":34,"column":0},"end":{"line":34,"column":38}},"34":{"start":{"line":35,"column":0},"end":{"line":35,"column":56}},"35":{"start":{"line":36,"column":0},"end":{"line":36,"column":92}},"36":{"start":{"line":37,"column":0},"end":{"line":37,"column":13}},"37":{"start":{"line":38,"column":0},"end":{"line":38,"column":11}},"39":{"start":{"line":40,"column":0},"end":{"line":40,"column":57}},"40":{"start":{"line":41,"column":0},"end":{"line":41,"column":5}},"42":{"start":{"line":43,"column":0},"end":{"line":43,"column":44}},"43":{"start":{"line":44,"column":0},"end":{"line":44,"column":31}},"44":{"start":{"line":45,"column":0},"end":{"line":45,"column":50}},"45":{"start":{"line":46,"column":0},"end":{"line":46,"column":76}},"46":{"start":{"line":47,"column":0},"end":{"line":47,"column":9}},"47":{"start":{"line":48,"column":0},"end":{"line":48,"column":50}},"48":{"start":{"line":49,"column":0},"end":{"line":49,"column":77}},"49":{"start":{"line":50,"column":0},"end":{"line":50,"column":9}},"50":{"start":{"line":51,"column":0},"end":{"line":51,"column":89}},"51":{"start":{"line":52,"column":0},"end":{"line":52,"column":59}},"52":{"start":{"line":53,"column":0},"end":{"line":53,"column":9}},"53":{"start":{"line":54,"column":0},"end":{"line":54,"column":22}},"54":{"start":{"line":55,"column":0},"end":{"line":55,"column":5}},"56":{"start":{"line":57,"column":0},"end":{"line":57,"column":43}},"57":{"start":{"line":58,"column":0},"end":{"line":58,"column":43}},"58":{"start":{"line":59,"column":0},"end":{"line":59,"column":62}},"59":{"start":{"line":60,"column":0},"end":{"line":60,"column":9}},"60":{"start":{"line":61,"column":0},"end":{"line":61,"column":13}},"61":{"start":{"line":62,"column":0},"end":{"line":62,"column":64}},"62":{"start":{"line":63,"column":0},"end":{"line":63,"column":38}},"63":{"start":{"line":64,"column":0},"end":{"line":64,"column":25}},"64":{"start":{"line":65,"column":0},"end":{"line":65,"column":38}},"65":{"start":{"line":66,"column":0},"end":{"line":66,"column":38}},"67":{"start":{"line":68,"column":0},"end":{"line":68,"column":38}},"68":{"start":{"line":69,"column":0},"end":{"line":69,"column":66}},"69":{"start":{"line":70,"column":0},"end":{"line":70,"column":13}},"70":{"start":{"line":71,"column":0},"end":{"line":71,"column":39}},"71":{"start":{"line":72,"column":0},"end":{"line":72,"column":25}},"72":{"start":{"line":73,"column":0},"end":{"line":73,"column":68}},"73":{"start":{"line":74,"column":0},"end":{"line":74,"column":9}},"74":{"start":{"line":75,"column":0},"end":{"line":75,"column":5}},"76":{"start":{"line":77,"column":0},"end":{"line":77,"column":59}},"77":{"start":{"line":78,"column":0},"end":{"line":78,"column":43}},"78":{"start":{"line":79,"column":0},"end":{"line":79,"column":62}},"79":{"start":{"line":80,"column":0},"end":{"line":80,"column":9}},"81":{"start":{"line":82,"column":0},"end":{"line":82,"column":50}},"82":{"start":{"line":83,"column":0},"end":{"line":83,"column":74}},"83":{"start":{"line":84,"column":0},"end":{"line":84,"column":9}},"85":{"start":{"line":86,"column":0},"end":{"line":86,"column":42}},"86":{"start":{"line":87,"column":0},"end":{"line":87,"column":13}},"87":{"start":{"line":88,"column":0},"end":{"line":88,"column":54}},"88":{"start":{"line":89,"column":0},"end":{"line":89,"column":25}},"89":{"start":{"line":90,"column":0},"end":{"line":90,"column":71}},"90":{"start":{"line":91,"column":0},"end":{"line":91,"column":9}},"91":{"start":{"line":92,"column":0},"end":{"line":92,"column":5}},"92":{"start":{"line":93,"column":0},"end":{"line":93,"column":1}}},"s":{"0":1,"2":1,"3":1,"4":7,"5":1,"6":1,"8":6,"9":22,"10":1,"11":1,"12":6,"14":6,"15":7,"17":1,"18":5,"19":1,"20":1,"21":5,"22":2,"23":2,"25":2,"26":5,"28":1,"29":5,"30":1,"31":1,"33":4,"34":13,"35":1,"36":1,"37":4,"39":4,"40":5,"42":1,"43":4,"44":4,"45":1,"46":1,"47":4,"48":0,"49":0,"50":4,"51":2,"52":2,"53":1,"54":4,"56":1,"57":4,"58":1,"59":1,"60":3,"61":3,"62":3,"63":3,"64":3,"65":3,"67":4,"68":1,"69":1,"70":1,"71":4,"72":2,"73":2,"74":4,"76":1,"77":4,"78":1,"79":1,"81":4,"82":1,"83":1,"85":2,"86":2,"87":2,"88":4,"89":1,"90":1,"91":4,"92":1},"branchMap":{"0":{"type":"branch","line":4,"loc":{"start":{"line":4,"column":4},"end":{"line":16,"column":5}},"locations":[{"start":{"line":4,"column":4},"end":{"line":16,"column":5}}]},"1":{"type":"branch","line":5,"loc":{"start":{"line":5,"column":30},"end":{"line":7,"column":9}},"locations":[{"start":{"line":5,"column":30},"end":{"line":7,"column":9}}]},"2":{"type":"branch","line":7,"loc":{"start":{"line":7,"column":8},"end":{"line":15,"column":57}},"locations":[{"start":{"line":7,"column":8},"end":{"line":15,"column":57}}]},"3":{"type":"branch","line":9,"loc":{"start":{"line":9,"column":21},"end":{"line":13,"column":9}},"locations":[{"start":{"line":9,"column":21},"end":{"line":13,"column":9}}]},"4":{"type":"branch","line":10,"loc":{"start":{"line":10,"column":31},"end":{"line":10,"column":55}},"locations":[{"start":{"line":10,"column":31},"end":{"line":10,"column":55}}]},"5":{"type":"branch","line":10,"loc":{"start":{"line":10,"column":55},"end":{"line":12,"column":13}},"locations":[{"start":{"line":10,"column":55},"end":{"line":12,"column":13}}]},"6":{"type":"branch","line":15,"loc":{"start":{"line":15,"column":27},"end":{"line":15,"column":54}},"locations":[{"start":{"line":15,"column":27},"end":{"line":15,"column":54}}]},"7":{"type":"branch","line":18,"loc":{"start":{"line":18,"column":4},"end":{"line":27,"column":5}},"locations":[{"start":{"line":18,"column":4},"end":{"line":27,"column":5}}]},"8":{"type":"branch","line":19,"loc":{"start":{"line":19,"column":26},"end":{"line":19,"column":49}},"locations":[{"start":{"line":19,"column":26},"end":{"line":19,"column":49}}]},"9":{"type":"branch","line":19,"loc":{"start":{"line":19,"column":49},"end":{"line":21,"column":9}},"locations":[{"start":{"line":19,"column":49},"end":{"line":21,"column":9}}]},"10":{"type":"branch","line":21,"loc":{"start":{"line":21,"column":8},"end":{"line":22,"column":38}},"locations":[{"start":{"line":21,"column":8},"end":{"line":22,"column":38}}]},"11":{"type":"branch","line":22,"loc":{"start":{"line":22,"column":26},"end":{"line":22,"column":49}},"locations":[{"start":{"line":22,"column":26},"end":{"line":22,"column":49}}]},"12":{"type":"branch","line":22,"loc":{"start":{"line":22,"column":49},"end":{"line":26,"column":23}},"locations":[{"start":{"line":22,"column":49},"end":{"line":26,"column":23}}]},"13":{"type":"branch","line":29,"loc":{"start":{"line":29,"column":4},"end":{"line":41,"column":5}},"locations":[{"start":{"line":29,"column":4},"end":{"line":41,"column":5}}]},"14":{"type":"branch","line":30,"loc":{"start":{"line":30,"column":30},"end":{"line":32,"column":9}},"locations":[{"start":{"line":30,"column":30},"end":{"line":32,"column":9}}]},"15":{"type":"branch","line":32,"loc":{"start":{"line":32,"column":8},"end":{"line":40,"column":57}},"locations":[{"start":{"line":32,"column":8},"end":{"line":40,"column":57}}]},"16":{"type":"branch","line":34,"loc":{"start":{"line":34,"column":21},"end":{"line":38,"column":9}},"locations":[{"start":{"line":34,"column":21},"end":{"line":38,"column":9}}]},"17":{"type":"branch","line":35,"loc":{"start":{"line":35,"column":31},"end":{"line":35,"column":55}},"locations":[{"start":{"line":35,"column":31},"end":{"line":35,"column":55}}]},"18":{"type":"branch","line":35,"loc":{"start":{"line":35,"column":55},"end":{"line":37,"column":13}},"locations":[{"start":{"line":35,"column":55},"end":{"line":37,"column":13}}]},"19":{"type":"branch","line":40,"loc":{"start":{"line":40,"column":27},"end":{"line":40,"column":54}},"locations":[{"start":{"line":40,"column":27},"end":{"line":40,"column":54}}]},"20":{"type":"branch","line":43,"loc":{"start":{"line":43,"column":4},"end":{"line":55,"column":5}},"locations":[{"start":{"line":43,"column":4},"end":{"line":55,"column":5}}]},"21":{"type":"branch","line":45,"loc":{"start":{"line":45,"column":26},"end":{"line":45,"column":49}},"locations":[{"start":{"line":45,"column":26},"end":{"line":45,"column":49}}]},"22":{"type":"branch","line":45,"loc":{"start":{"line":45,"column":49},"end":{"line":47,"column":9}},"locations":[{"start":{"line":45,"column":49},"end":{"line":47,"column":9}}]},"23":{"type":"branch","line":47,"loc":{"start":{"line":47,"column":8},"end":{"line":48,"column":49}},"locations":[{"start":{"line":47,"column":8},"end":{"line":48,"column":49}}]},"24":{"type":"branch","line":48,"loc":{"start":{"line":48,"column":49},"end":{"line":50,"column":9}},"locations":[{"start":{"line":48,"column":49},"end":{"line":50,"column":9}}]},"25":{"type":"branch","line":50,"loc":{"start":{"line":50,"column":8},"end":{"line":51,"column":51}},"locations":[{"start":{"line":50,"column":8},"end":{"line":51,"column":51}}]},"26":{"type":"branch","line":51,"loc":{"start":{"line":51,"column":30},"end":{"line":51,"column":88}},"locations":[{"start":{"line":51,"column":30},"end":{"line":51,"column":88}}]},"27":{"type":"branch","line":51,"loc":{"start":{"line":51,"column":88},"end":{"line":53,"column":9}},"locations":[{"start":{"line":51,"column":88},"end":{"line":53,"column":9}}]},"28":{"type":"branch","line":53,"loc":{"start":{"line":53,"column":8},"end":{"line":54,"column":22}},"locations":[{"start":{"line":53,"column":8},"end":{"line":54,"column":22}}]},"29":{"type":"branch","line":57,"loc":{"start":{"line":57,"column":4},"end":{"line":75,"column":5}},"locations":[{"start":{"line":57,"column":4},"end":{"line":75,"column":5}}]},"30":{"type":"branch","line":58,"loc":{"start":{"line":58,"column":42},"end":{"line":60,"column":9}},"locations":[{"start":{"line":58,"column":42},"end":{"line":60,"column":9}}]},"31":{"type":"branch","line":60,"loc":{"start":{"line":60,"column":8},"end":{"line":68,"column":37}},"locations":[{"start":{"line":60,"column":8},"end":{"line":68,"column":37}}]},"32":{"type":"branch","line":68,"loc":{"start":{"line":68,"column":37},"end":{"line":72,"column":17}},"locations":[{"start":{"line":68,"column":37},"end":{"line":72,"column":17}}]},"33":{"type":"branch","line":72,"loc":{"start":{"line":72,"column":8},"end":{"line":74,"column":9}},"locations":[{"start":{"line":72,"column":8},"end":{"line":74,"column":9}}]},"34":{"type":"branch","line":65,"loc":{"start":{"line":65,"column":17},"end":{"line":65,"column":37}},"locations":[{"start":{"line":65,"column":17},"end":{"line":65,"column":37}}]},"35":{"type":"branch","line":66,"loc":{"start":{"line":66,"column":20},"end":{"line":66,"column":36}},"locations":[{"start":{"line":66,"column":20},"end":{"line":66,"column":36}}]},"36":{"type":"branch","line":77,"loc":{"start":{"line":77,"column":11},"end":{"line":92,"column":5}},"locations":[{"start":{"line":77,"column":11},"end":{"line":92,"column":5}}]},"37":{"type":"branch","line":78,"loc":{"start":{"line":78,"column":42},"end":{"line":80,"column":9}},"locations":[{"start":{"line":78,"column":42},"end":{"line":80,"column":9}}]},"38":{"type":"branch","line":80,"loc":{"start":{"line":80,"column":8},"end":{"line":82,"column":49}},"locations":[{"start":{"line":80,"column":8},"end":{"line":82,"column":49}}]},"39":{"type":"branch","line":82,"loc":{"start":{"line":82,"column":49},"end":{"line":84,"column":9}},"locations":[{"start":{"line":82,"column":49},"end":{"line":84,"column":9}}]},"40":{"type":"branch","line":84,"loc":{"start":{"line":84,"column":8},"end":{"line":89,"column":17}},"locations":[{"start":{"line":84,"column":8},"end":{"line":89,"column":17}}]},"41":{"type":"branch","line":89,"loc":{"start":{"line":89,"column":8},"end":{"line":91,"column":9}},"locations":[{"start":{"line":89,"column":8},"end":{"line":91,"column":9}}]}},"b":{"0":[7],"1":[1],"2":[6],"3":[22],"4":[21],"5":[1],"6":[20],"7":[5],"8":[4],"9":[1],"10":[4],"11":[2],"12":[2],"13":[5],"14":[1],"15":[4],"16":[13],"17":[12],"18":[1],"19":[11],"20":[4],"21":[3],"22":[1],"23":[3],"24":[0],"25":[3],"26":[2],"27":[2],"28":[1],"29":[4],"30":[1],"31":[3],"32":[1],"33":[2],"34":[9],"35":[9],"36":[4],"37":[1],"38":[3],"39":[1],"40":[2],"41":[1]},"fnMap":{"0":{"name":"sum","decl":{"start":{"line":4,"column":4},"end":{"line":16,"column":5}},"loc":{"start":{"line":4,"column":4},"end":{"line":16,"column":5}},"line":4},"1":{"name":"subtract","decl":{"start":{"line":18,"column":4},"end":{"line":27,"column":5}},"loc":{"start":{"line":18,"column":4},"end":{"line":27,"column":5}},"line":18},"2":{"name":"multiply","decl":{"start":{"line":29,"column":4},"end":{"line":41,"column":5}},"loc":{"start":{"line":29,"column":4},"end":{"line":41,"column":5}},"line":29},"3":{"name":"divide","decl":{"start":{"line":43,"column":4},"end":{"line":55,"column":5}},"loc":{"start":{"line":43,"column":4},"end":{"line":55,"column":5}},"line":43},"4":{"name":"sumFromFile","decl":{"start":{"line":57,"column":4},"end":{"line":75,"column":5}},"loc":{"start":{"line":57,"column":4},"end":{"line":75,"column":5}},"line":57},"5":{"name":"writeToFile","decl":{"start":{"line":77,"column":11},"end":{"line":92,"column":5}},"loc":{"start":{"line":77,"column":11},"end":{"line":92,"column":5}},"line":77}},"f":{"0":7,"1":5,"2":5,"3":4,"4":4,"5":4}}
}
